#! /usr/local/Cellar/icarus-verilog/0.9.7/bin/vvp
:ivl_version "0.9.7 " "(v0_9_7)";
:vpi_time_precision + 0;
:vpi_module "system";
:vpi_module "v2005_math";
:vpi_module "va_math";
S_0x7f94b940e190 .scope module, "ram_read" "ram_read" 2 1;
 .timescale 0 0;
v0x7f94b941e230_0 .var "Address", 7 0;
v0x7f94b941e2c0_0 .var "DataIn", 7 0;
v0x7f94b941e360_0 .net "DataOut", 7 0, v0x7f94b941dfe0_0; 1 drivers
v0x7f94b941e420_0 .var "Enable", 0 0;
v0x7f94b941e4c0_0 .var "ReadWrite", 0 0;
v0x7f94b941e570_0 .var/i "code", 31 0;
v0x7f94b941e5f0_0 .var "data", 7 0;
v0x7f94b941e6b0_0 .var/i "fd", 31 0;
v0x7f94b941e730_0 .var/i "i", 31 0;
S_0x7f94b940e270 .scope module, "ram1" "ram256x8" 2 5, 3 1, S_0x7f94b940e190;
 .timescale 0 0;
v0x7f94b9405410_0 .net "Address", 7 0, v0x7f94b941e230_0; 1 drivers
v0x7f94b941df50_0 .net "DataIn", 7 0, v0x7f94b941e2c0_0; 1 drivers
v0x7f94b941dfe0_0 .var "DataOut", 7 0;
v0x7f94b941e060_0 .net "Enable", 0 0, v0x7f94b941e420_0; 1 drivers
v0x7f94b941e0f0 .array "Mem", 255 0, 7 0;
v0x7f94b941e1a0_0 .net "ReadWrite", 0 0, v0x7f94b941e4c0_0; 1 drivers
E_0x7f94b9405680 .event edge, v0x7f94b941e1a0_0, v0x7f94b941e060_0;
    .scope S_0x7f94b940e270;
T_0 ;
    %wait E_0x7f94b9405680;
    %load/v 8, v0x7f94b941e060_0, 1;
    %jmp/0xz  T_0.0, 8;
    %load/v 8, v0x7f94b941e1a0_0, 1;
    %jmp/0xz  T_0.2, 8;
    %ix/getv 3, v0x7f94b9405410_0;
    %load/av 8, v0x7f94b941e0f0, 8;
    %set/v v0x7f94b941dfe0_0, 8, 8;
    %jmp T_0.3;
T_0.2 ;
    %load/v 8, v0x7f94b941df50_0, 8;
    %ix/getv 3, v0x7f94b9405410_0;
   %jmp/1 t_0, 4;
   %ix/load 1, 0, 0;
   %set/av v0x7f94b941e0f0, 8, 8;
t_0 ;
T_0.3 ;
    %jmp T_0.1;
T_0.0 ;
    %set/v v0x7f94b941dfe0_0, 3, 8;
T_0.1 ;
    %jmp T_0;
    .thread T_0, $push;
    .scope S_0x7f94b940e190;
T_1 ;
    %vpi_func 2 8 "$fopen", 8, 32, "mifilesimple.dat", "r";
    %set/v v0x7f94b941e6b0_0, 8, 32;
    %set/v v0x7f94b941e730_0, 0, 32;
T_1.0 ;
    %vpi_func 2 10 "$feof", 8, 32, v0x7f94b941e6b0_0;
    %nor/r 8, 8, 32;
    %jmp/0xz T_1.1, 8;
    %vpi_func 2 11 "$fscanf", 8, 32, v0x7f94b941e6b0_0, "%b", v0x7f94b941e5f0_0;
    %set/v v0x7f94b941e570_0, 8, 32;
    %load/v 8, v0x7f94b941e5f0_0, 8;
    %ix/getv/s 3, v0x7f94b941e730_0;
   %jmp/1 t_1, 4;
   %ix/load 1, 0, 0;
   %set/av v0x7f94b941e0f0, 8, 8;
t_1 ;
    %load/v 8, v0x7f94b941e730_0, 32;
    %mov 40, 39, 1;
    %addi 8, 1, 33;
    %set/v v0x7f94b941e730_0, 8, 32;
    %vpi_call 2 14 "$display", "File Data = %h", v0x7f94b941e5f0_0;
    %jmp T_1.0;
T_1.1 ;
    %vpi_call 2 17 "$fclose", v0x7f94b941e6b0_0;
    %end;
    .thread T_1;
    .scope S_0x7f94b940e190;
T_2 ;
    %set/v v0x7f94b941e420_0, 0, 1;
    %set/v v0x7f94b941e4c0_0, 1, 1;
    %set/v v0x7f94b941e230_0, 0, 8;
    %vpi_call 2 23 "$display", "data en %d = %b", v0x7f94b941e230_0, v0x7f94b941e360_0;
    %movi 8, 10, 5;
T_2.0 %cmp/s 0, 8, 5;
    %jmp/0xz T_2.1, 5;
    %add 8, 1, 5;
    %delay 5, 0;
    %set/v v0x7f94b941e420_0, 1, 1;
    %delay 5, 0;
    %set/v v0x7f94b941e420_0, 0, 1;
    %load/v 13, v0x7f94b941e230_0, 8;
    %mov 21, 0, 24;
    %addi 13, 1, 32;
    %set/v v0x7f94b941e230_0, 13, 8;
    %jmp T_2.0;
T_2.1 ;
    %vpi_call 2 29 "$finish";
    %end;
    .thread T_2;
    .scope S_0x7f94b940e190;
T_3 ;
    %vpi_call 2 31 "$monitor", "Data at %h = %h %b %d", v0x7f94b941e230_0, v0x7f94b941e360_0, v0x7f94b941e420_0, $time;
    %end;
    .thread T_3;
    .scope S_0x7f94b940e190;
T_4 ;
    %vpi_call 2 34 "$dumpfile", "test.vcd";
    %vpi_call 2 35 "$dumpvars", 1'sb0, v0x7f94b941e230_0, v0x7f94b941e360_0;
    %end;
    .thread T_4;
# The file index is used to find the file name in the following table.
:file_names 4;
    "N/A";
    "<interactive>";
    "ram_test_simple.v";
    "ram2568.v";
